<?xml version="1.0" encoding="UTF-8"?>
<!-- Generated by org.testng.reporters.JUnitReportReporter -->
<testsuite hostname="Ganesh" failures="0" tests="3" name="com.test.SampleTest" time="18.134" errors="0" timestamp="2024-05-21T10:52:51 IST" skipped="0">
  <testcase classname="com.test.SampleTest" name="testCase2" time="6.450"/>
  <testcase classname="com.test.SampleTest" name="testCase1" time="6.889"/>
  <testcase classname="com.test.SampleTest" name="testCase3" time="4.795"/>
</testsuite> <!-- com.test.SampleTest -->
