<?xml version="1.0" encoding="UTF-8"?>
<!-- Generated by org.testng.reporters.JUnitReportReporter -->
<testsuite hostname="Ganesh" failures="0" tests="3" name="com.test.SampleTest" time="21.750" errors="0" timestamp="2024-05-15T09:32:45 IST" skipped="0">
  <testcase classname="com.test.SampleTest" name="testCase1" time="1.995"/>
  <testcase classname="com.test.SampleTest" name="testCase3" time="12.647"/>
  <testcase classname="com.test.SampleTest" name="testCase2" time="7.108"/>
</testsuite> <!-- com.test.SampleTest -->
