<?xml version="1.0" encoding="UTF-8"?>
<!-- Generated by org.testng.reporters.JUnitReportReporter -->
<testsuite hostname="Ganesh" failures="0" tests="3" name="com.test.SampleTest" time="33.230" errors="0" timestamp="2024-05-21T09:27:41 IST" skipped="0">
  <testcase classname="com.test.SampleTest" name="testCase1" time="4.794"/>
  <testcase classname="com.test.SampleTest" name="testCase3" time="4.898"/>
  <testcase classname="com.test.SampleTest" name="testCase2" time="23.538"/>
</testsuite> <!-- com.test.SampleTest -->
