<?xml version="1.0" encoding="UTF-8"?>
<!-- Generated by org.testng.reporters.JUnitReportReporter -->
<testsuite hostname="Ganesh" failures="0" tests="3" name="com.test.SampleTest" time="29.347" errors="0" timestamp="2024-05-22T11:20:59 IST" skipped="0">
  <testcase classname="com.test.SampleTest" name="testCase1" time="9.925"/>
  <testcase classname="com.test.SampleTest" name="testCase2" time="10.165"/>
  <testcase classname="com.test.SampleTest" name="testCase3" time="9.257"/>
</testsuite> <!-- com.test.SampleTest -->
