<?xml version="1.0" encoding="UTF-8"?>
<!-- Generated by org.testng.reporters.JUnitReportReporter -->
<testsuite hostname="Ganesh" failures="0" tests="3" name="com.test.SampleTest" time="10.638" errors="0" timestamp="2024-05-22T11:27:43 IST" skipped="0">
  <testcase classname="com.test.SampleTest" name="testCase1" time="3.233"/>
  <testcase classname="com.test.SampleTest" name="testCase3" time="5.038"/>
  <testcase classname="com.test.SampleTest" name="testCase2" time="2.367"/>
</testsuite> <!-- com.test.SampleTest -->
