<?xml version="1.0" encoding="UTF-8"?>
<!-- Generated by org.testng.reporters.JUnitReportReporter -->
<testsuite hostname="Ganesh" failures="0" tests="3" name="com.test.SampleTest" time="85.371" errors="0" timestamp="2024-05-22T11:05:53 IST" skipped="0">
  <testcase classname="com.test.SampleTest" name="testCase2" time="39.991"/>
  <testcase classname="com.test.SampleTest" name="testCase1" time="7.640"/>
  <testcase classname="com.test.SampleTest" name="testCase3" time="37.740"/>
</testsuite> <!-- com.test.SampleTest -->
