<?xml version="1.0" encoding="UTF-8"?>
<!-- Generated by org.testng.reporters.JUnitReportReporter -->
<testsuite hostname="Ganesh" failures="0" tests="3" name="com.test.SampleTest" time="29.811" errors="0" timestamp="2024-05-21T09:43:40 IST" skipped="0">
  <testcase classname="com.test.SampleTest" name="testCase2" time="10.762"/>
  <testcase classname="com.test.SampleTest" name="testCase1" time="5.872"/>
  <testcase classname="com.test.SampleTest" name="testCase3" time="13.177"/>
</testsuite> <!-- com.test.SampleTest -->
